Arguments: 
  D:\MyDrivers\software\node.exe D:\MyDrivers\software\bin\yarn.js init -y

PATH: 
  D:\MyDrivers\software\cmder\vendor\git-for-windows\mingw64\bin;D:\MyDrivers\software\cmder\vendor\git-for-windows\usr\bin;C:\Users\Administrator\bin;C:\Users\Administrator\Desktop\xiangmu\nav-1\node_modules\.bin;C:\Program Files (x86)\Common Files\Intel\Shared Libraries\redist\intel64\compiler;C:\Windows\system32;C:\Windows;C:\Windows\System32\Wbem;C:\Windows\System32\WindowsPowerShell\v1.0;C:\Windows\System32\OpenSSH;C:\Program Files (x86)\NVIDIA Corporation\PhysX\Common;D:\MyDrivers\software;D:\MyDrivers\software\bin;C:\Users\Administrator\Desktop;C:\Users\Administrator\AppData\Local\Microsoft\WindowsApps;C:\Users\Administrator\AppData\Roaming\npm;C:\Users\Administrator\AppData\Local\Yarn\bin;C:\Users\Administrator\AppData\Local\Programs\Microsoft VS Code\bin

Yarn version: 
  1.22.5

Node version: 
  8.17.0

Platform: 
  win32 x64

Trace: 
  SyntaxError: C:\Users\Administrator\Desktop\xiangmu\nav-1\package.json: Unexpected end of JSON input
      at JSON.parse (<anonymous>)
      at D:\MyDrivers\software\lib\cli.js:1625:59
      at Generator.next (<anonymous>)
      at step (D:\MyDrivers\software\lib\cli.js:310:30)
      at D:\MyDrivers\software\lib\cli.js:321:13
      at <anonymous>

npm manifest: 
  

yarn manifest: 
  No manifest

Lockfile: 
  No lockfile
